<?xml version="1.0" encoding="UTF-8"?>
<!-- Generated by org.testng.reporters.JUnitReportReporter -->
<testsuite skipped="0" hostname="Raja" name="com.ibanking.testcases.TC_login01" tests="1" failures="0" timestamp="30 Mar 2022 17:45:35 GMT" time="0.927" errors="0">
  <testcase name="LoginTest" time="0.927" classname="com.ibanking.testcases.TC_login01"/>
</testsuite> <!-- com.ibanking.testcases.TC_login01 -->
